<?xml version="1.0" encoding="UTF-8"?>
<!-- Generated by org.testng.reporters.JUnitReportReporter -->
<testsuite hostname="samsung" failures="0" tests="1" name="testcases.LoginTest_001" time="20.014" errors="0" timestamp="2023-05-18T11:03:26 IST" skipped="0">
  <testcase classname="testcases.LoginTest_001" name="logintest" time="20.014"/>
  <system-out/>
</testsuite> <!-- testcases.LoginTest_001 -->
